<?xml version="1.0" encoding="UTF-8"?>
<!-- Generated by org.testng.reporters.JUnitReportReporter -->
<testsuite hostname="krishPC" failures="0" tests="2" name="DAY44.PaymentTests" time="0.009" errors="0" timestamp="2024-08-25T18:04:58 IST" skipped="0">
  <testcase classname="DAY44.PaymentTests" name="PaymentInRupes" time="0.008"/>
  <testcase classname="DAY44.PaymentTests" name="PaymentIndollar" time="0.001"/>
</testsuite> <!-- DAY44.PaymentTests -->
