<?xml version="1.0" encoding="UTF-8"?>
<!-- Generated by org.testng.reporters.JUnitReportReporter -->
<testsuite hostname="krishPC" failures="0" tests="3" name="PavanSir.FirstTestCase" time="0.010" errors="0" timestamp="2024-08-24T20:56:34 IST" skipped="0">
  <testcase classname="PavanSir.FirstTestCase" name="Login" time="0.008"/>
  <testcase classname="PavanSir.FirstTestCase" name="Logout" time="0.001"/>
  <testcase classname="PavanSir.FirstTestCase" name="OpenApplication" time="0.001"/>
</testsuite> <!-- PavanSir.FirstTestCase -->
