<?xml version="1.0" encoding="UTF-8"?>
<!-- Generated by org.testng.reporters.JUnitReportReporter -->
<testsuite hostname="krishPC" failures="0" tests="2" name="PavanSirDay43.TC2" time="0.008" errors="0" timestamp="2024-08-25T14:31:44 IST" skipped="0">
  <testcase classname="PavanSirDay43.TC2" name="abc" time="0.003"/>
  <testcase classname="PavanSirDay43.TC2" name="abc" time="0.005"/>
</testsuite> <!-- PavanSirDay43.TC2 -->
