<?xml version="1.0" encoding="UTF-8"?>
<!-- Generated by org.testng.reporters.JUnitReportReporter -->
<testsuite hostname="krishPC" failures="0" tests="4" name="PavanSir.OpenOrangeHRM" time="21.575" errors="0" timestamp="2024-08-24T20:56:34 IST" skipped="0">
  <testcase classname="PavanSir.OpenOrangeHRM" name="OpenHr" time="13.725"/>
  <testcase classname="PavanSir.OpenOrangeHRM" name="TestLogo" time="2.898"/>
  <testcase classname="PavanSir.OpenOrangeHRM" name="Logon" time="4.547"/>
  <testcase classname="PavanSir.OpenOrangeHRM" name="Close" time="0.405"/>
</testsuite> <!-- PavanSir.OpenOrangeHRM -->
