<?xml version="1.0" encoding="UTF-8"?>
<!-- Generated by org.testng.reporters.JUnitReportReporter -->
<testsuite hostname="krishPC" failures="0" tests="4" name="DAY44.Dependancy" time="0.024" errors="0" timestamp="2024-08-25T15:57:52 IST" skipped="0">
  <testcase classname="DAY44.Dependancy" name="OpenApp" time="0.017"/>
  <testcase classname="DAY44.Dependancy" name="Login" time="0.002"/>
  <testcase classname="DAY44.Dependancy" name="Search1" time="0.002"/>
  <testcase classname="DAY44.Dependancy" name="AdvSearch" time="0.003"/>
</testsuite> <!-- DAY44.Dependancy -->
