<?xml version="1.0" encoding="UTF-8"?>
<!-- Generated by org.testng.reporters.JUnitReportReporter -->
<testsuite hostname="krishPC" failures="0" tests="2" name="PavanSirDay43.TC3" time="0.005" errors="0" timestamp="2024-08-25T14:31:44 IST" skipped="0">
  <testcase classname="PavanSirDay43.TC3" name="BR" time="0.004"/>
  <testcase classname="PavanSirDay43.TC3" name="BR" time="0.001"/>
</testsuite> <!-- PavanSirDay43.TC3 -->
